{"level":"info","message":"🚀 Servidor corriendo en el puerto undefined","timestamp":"2025-03-18T07:01:38.798Z"}
{"level":"info","message":"🚀 Servidor corriendo en el puerto undefined","timestamp":"2025-03-18T07:01:53.052Z"}
{"level":"info","message":"🚀 Servidor corriendo en el puerto undefined","timestamp":"2025-03-18T07:01:55.167Z"}
{"level":"info","message":"🚀 Servidor corriendo en el puerto undefined","timestamp":"2025-03-18T07:01:59.520Z"}
{"level":"info","message":"🚀 Servidor corriendo en el puerto undefined","timestamp":"2025-03-18T07:04:50.533Z"}
{"level":"info","message":"🚀 Servidor corriendo en el puerto 10000","timestamp":"2025-03-18T07:43:27.155Z"}
{"level":"info","message":"📥 Nueva solicitud: HEAD /","timestamp":"2025-03-18T07:43:27.454Z"}
{"level":"info","message":"📥 Nueva solicitud: GET /","timestamp":"2025-03-18T07:43:33.467Z"}
{"level":"info","message":"📥 Nueva solicitud: GET /","timestamp":"2025-03-18T07:43:34.460Z"}
{"level":"info","message":"📥 Nueva solicitud: OPTIONS /api/auth/login","timestamp":"2025-03-18T07:43:55.774Z"}
{"level":"info","message":"📥 Nueva solicitud: POST /api/auth/login","timestamp":"2025-03-18T07:43:56.257Z"}
{"level":"info","message":"✅ Usuario autenticado: test@gmail.com","timestamp":"2025-03-18T07:43:58.426Z"}
{"level":"info","message":"📥 Nueva solicitud: GET /","timestamp":"2025-03-18T07:44:04.696Z"}
{"level":"info","message":"📥 Nueva solicitud: GET /","timestamp":"2025-03-18T07:44:34.147Z"}
{"level":"info","message":"📥 Nueva solicitud: OPTIONS /api/productos","timestamp":"2025-03-18T07:44:41.735Z"}
{"level":"info","message":"📥 Nueva solicitud: GET /api/productos","timestamp":"2025-03-18T07:44:41.955Z"}
{"level":"info","message":"🔑 Usuario autenticado: ID 5, Email: test@gmail.com","timestamp":"2025-03-18T07:44:41.962Z"}
{"level":"info","message":"📋 Solicitando todos los productos...","timestamp":"2025-03-18T07:44:41.962Z"}
{"level":"info","message":"✅ Productos obtenidos (7 resultados)","timestamp":"2025-03-18T07:44:42.455Z"}
{"level":"info","message":"📥 Nueva solicitud: OPTIONS /api/productos/6","timestamp":"2025-03-18T07:44:43.273Z"}
